****************************************************************************
***                           Sentaurus Device                           ***
***                          Version R-2020.09                           ***
***                      (2.6534263, x86_64, Linux)                      ***
***                                                                      ***
***                       Copyright (C) 1994-2020                        ***
***                            Synopsys, Inc.                            ***
***                                                                      ***
***  This software and the associated documentation are confidential     ***
***  and proprietary to Synopsys, Inc.  Your use or disclosure of this   ***
***  software is subject to the terms and conditions of a written        ***
***  license agreement between you, or your company, and Synopsys, Inc.  ***
****************************************************************************

	Running on machine with the following configuration:
	Host Name: ntuEDL
	Operating System: Linux rel. 2.6.32-754.2.1.el6.x86_64 ver. #1 SMP Fri Jul 13 12:50:12 UTC 2018
	Machine Type: x86_64
	Process ID: 3886
	Number of processors: 24
	Domain Name: (none)
	Date: Fri Dec  8 12:48:56 2023  (CST)

Fri Dec  8 12:48:56 2023: checked out 1 sdevice license(s)
Parsing circuit file /usr/cad/synopsys/tcad/cur/sentaurus/cur/bin/../tcad/current/linux64/lib/sdevice/sd_hb_isource.ccf
Parsing circuit file /usr/cad/synopsys/tcad/cur/sentaurus/cur/bin/../tcad/current/linux64/lib/sdevice/sd_hb_isource2.ccf
Parsing circuit file /usr/cad/synopsys/tcad/cur/sentaurus/cur/bin/../tcad/current/linux64/lib/sdevice/sd_SRL1.ccf
Parsing circuit file /usr/cad/synopsys/tcad/cur/sentaurus/cur/bin/../tcad/current/linux64/lib/sdevice/bs_psource.ccf
Parsing circuit file /usr/cad/synopsys/tcad/cur/sentaurus/cur/bin/../tcad/current/linux64/lib/sdevice/sd_hb_sRL.ccf
Parsing circuit file /usr/cad/synopsys/tcad/cur/sentaurus/cur/bin/../tcad/current/linux64/lib/sdevice/sd_hb_vsource.ccf
Parsing circuit file /usr/cad/synopsys/tcad/cur/sentaurus/cur/bin/../tcad/current/linux64/lib/sdevice/sd_hb_pGC.ccf
Parsing circuit file /usr/cad/synopsys/tcad/cur/sentaurus/cur/bin/../tcad/current/linux64/lib/sdevice/sd_hb_vsource2.ccf
Parsing circuit file /usr/cad/synopsys/tcad/cur/sentaurus/cur/bin/../tcad/current/linux64/lib/scm/MOS_harness.ccf
Parsing circuit file /usr/cad/synopsys/tcad/cur/sentaurus/cur/bin/../tcad/current/linux64/lib/scm/satinductor.ccf
Parsing circuit file /usr/cad/synopsys/tcad/cur/sentaurus/cur/bin/../tcad/current/linux64/lib/scm/ferroelectric.ccf
Loading shared object file /usr/cad/synopsys/tcad/cur/sentaurus/cur/bin/../tcad/current/linux64/lib/scm/ferroelectric.so.linux64
Loading shared object file /usr/cad/synopsys/tcad/cur/sentaurus/cur/bin/../tcad/current/linux64/lib/scm/satinductor.so.linux64
Loading shared object file /usr/cad/synopsys/tcad/cur/sentaurus/cur/bin/../tcad/current/linux64/lib/scm/MOS_harness.so.linux64
Loading shared object file /usr/cad/synopsys/tcad/cur/sentaurus/cur/bin/../tcad/current/linux64/lib/sdevice/sd_hb_vsource2.so.linux64
Loading shared object file /usr/cad/synopsys/tcad/cur/sentaurus/cur/bin/../tcad/current/linux64/lib/sdevice/sd_hb_pGC.so.linux64
Loading shared object file /usr/cad/synopsys/tcad/cur/sentaurus/cur/bin/../tcad/current/linux64/lib/sdevice/sd_hb_vsource.so.linux64
Loading shared object file /usr/cad/synopsys/tcad/cur/sentaurus/cur/bin/../tcad/current/linux64/lib/sdevice/sd_hb_sRL.so.linux64
Loading shared object file /usr/cad/synopsys/tcad/cur/sentaurus/cur/bin/../tcad/current/linux64/lib/sdevice/bs_psource.so.linux64
Loading shared object file /usr/cad/synopsys/tcad/cur/sentaurus/cur/bin/../tcad/current/linux64/lib/sdevice/sd_SRL1.so.linux64
Loading shared object file /usr/cad/synopsys/tcad/cur/sentaurus/cur/bin/../tcad/current/linux64/lib/sdevice/sd_hb_isource2.so.linux64
Loading shared object file /usr/cad/synopsys/tcad/cur/sentaurus/cur/bin/../tcad/current/linux64/lib/sdevice/sd_hb_isource.so.linux64

Input source: MOSFET.cmd

===============================

Output file: MOSFET_Vds0p5V_des.log


GlobalParameter {
}
no ACExtract file

PMIPath file: /usr/cad/synopsys/tcad/cur/sentaurus/cur/bin/../tcad/current/linux64/lib/sdevice-31.2.6534263 /usr/cad/synopsys/tcad/cur/sentaurus/cur/bin/../tcad/current/linux64/lib/sdevice

CMIPath file: /usr/cad/synopsys/tcad/cur/sentaurus/cur/bin/../tcad/current/linux64/lib/sdevice /usr/cad/synopsys/tcad/cur/sentaurus/cur/bin/../tcad/current/linux64/lib/scm

SPICEPath file: /usr/cad/synopsys/tcad/cur/sentaurus/cur/bin/../tcad/current/lib/sdevice-31.2.6534263/spice

no DevicePath file

no CIRCUITSAVENAME file

no CIRCUITLOADNAME file

Numerical parameters:
  Absolute error : 
    Poisson : 1.0000e-03
    eqPoisson : 1.0000e-03
    Electron : 1.0000e-05
    Hole : 1.0000e-05
    Photon-Rate-Equation : 1.0000e-07
    Photon-Phase-Equation : 1.0000e-05
    Rate-Stabilize-Equation : 1.0000e-07
    QW-Scattering-Equations : 1.0000e-05
    QW-eScattering-Equation : 1.0000e-05
    QW-hScattering-Equation : 1.0000e-05
    Optical Problem : 1.0000e-03
    Wavelength : 1.0000e-03
    Bandstructure : 1.0000e-03
    EmissionTable : 1.0000e-03
    DephasingRates : 1.0000e-03
    Photon Recycling : 1.0000e-03
    Electron-Temperature : 1.0000e-04
    Hole-Temperature : 1.0000e-04
    Lattice-Hole-Electron-Temperature : 1.0000e-03
    Circuit : 1.0000e-03
    TCircuit : 1.0000e-03
    Contact : 1.0000e-03
    TContact : 1.0000e-03
    Continuation : 1.0000e-03
    eLaplace : 1.0000e-03
    hLaplace : 1.0000e-03
    tLaplace : 1.0000e-03
    electron quasi-fermi-potential : 1.0000e-03
    hole quasi-fermi-potential : 1.0000e-03
    MonteCarlo : 1.0000e-03
    MCPoissonPDE : 1.0000e-03
    eQuantumPotential : 1.0000e-03
    hQuantumPotential : 1.0000e-03
    quasi-fermi-potential : 1.0000e-03
    ConductiveInsulator : 1.0000e-03
    ContactAndConductiveInsulator : 1.0000e-03
    SingletExciton : 1.0000e-05
    FEPolarization : 1.0000e-05
    FEPolarizationX : 1.0000e-05
    FEPolarizationY : 1.0000e-05
    FEPolarizationZ : 1.0000e-05
    eHopping : 1.0000e-03
    hHopping : 1.0000e-03
    HydrogenAtom : 1.0000e-03
    HydrogenMolecule : 1.0000e-03
    HydrogenIon : 1.0000e-03
    HydrogenSiliconBondOccupation : 1.0000e-03
    TrapPDE : 1.0000e-03
    eSHEDistribution : 1.0000e-03
    hSHEDistribution : 1.0000e-03
    Landau-Lifshitz-Gilbert[theta] : 1.0000e-03
    Landau-Lifshitz-Gilbert[phi] : 1.0000e-03
    Landau-Lifshitz-Gilbert[x] : 1.0000e-03
    Landau-Lifshitz-Gilbert[y] : 1.0000e-03
    Landau-Lifshitz-Gilbert[z] : 1.0000e-03
    Mechanics : 1.0000e-03
    ExternalTransportSolver : 1.0000e-03
    ReactionDiffusionPDE : 1.0000e-03
  RelErrControl (Reference error): 
    Poisson : 0.025852
    eqPoisson : 1
    Electron : 1.0000e+10
    Hole : 1.0000e+10
    Photon-Rate-Equation : 1.0000e-07
    Photon-Phase-Equation : 1
    Rate-Stabilize-Equation : 1.0000e-07
    QW-Scattering-Equations : 1.0000e+10
    QW-eScattering-Equation : 1.0000e+10
    QW-hScattering-Equation : 1.0000e+10
    Optical Problem : 1
    Wavelength : 1
    Bandstructure : 1
    EmissionTable : 1
    DephasingRates : 1
    Photon Recycling : 1
    Electron-Temperature : 3.0000e+02
    Hole-Temperature : 3.0000e+02
    Lattice-Hole-Electron-Temperature : 3.0000e+02
    Circuit : 1
    TCircuit : 1
    Contact : 0.025852
    TContact : 1
    Continuation : 1
    eLaplace : 1
    hLaplace : 1
    tLaplace : 1
    electron quasi-fermi-potential : 0.025852
    hole quasi-fermi-potential : 0.025852
    MonteCarlo : 1
    MCPoissonPDE : 1
    eQuantumPotential : 0.025852
    hQuantumPotential : 0.025852
    quasi-fermi-potential : 0.025852
    ConductiveInsulator : 1
    ContactAndConductiveInsulator : 1
    SingletExciton : 1.0000e+10
    FEPolarization : 0.025852
    FEPolarizationX : 0.025852
    FEPolarizationY : 0.025852
    FEPolarizationZ : 0.025852
    eHopping : 0.025852
    hHopping : 0.025852
    HydrogenAtom : 1.0000e+10
    HydrogenMolecule : 1.0000e+10
    HydrogenIon : 1.0000e+10
    HydrogenSiliconBondOccupation : 1
    TrapPDE : 1.0000e-05
    eSHEDistribution : 0.025852
    hSHEDistribution : 0.025852
    Landau-Lifshitz-Gilbert[theta] : 1
    Landau-Lifshitz-Gilbert[phi] : 1
    Landau-Lifshitz-Gilbert[x] : 1
    Landau-Lifshitz-Gilbert[y] : 1
    Landau-Lifshitz-Gilbert[z] : 1
    Mechanics : 1
    ExternalTransportSolver : 1
    ReactionDiffusionPDE : 1
  Relative error : 5 digits
  Without checked transient error
  Max. #iterations : 50
  LineSearchDamping=1
  #undamped iterations : 1000
  No incomplete Newton
  transient method : TR-BDF
  Linear solver : blocked decomposition
  Linear solver for AC analysis : blocked decomposition
  Linear solver for SHEDistribution Model : Super
  use linear extrapolation in transient/quasistationary computations
  use complex supernodal in ac-analysis (if possible)
  do not use smoothed PDE's in transient/quasistationary computations
  use automatic coupling of contact/circuit stuff
  Spice temperature: 3.0015e+02
  Spice nominal temperature of parameter measurements: 3.0015e+02
  Spice minimum conductance gmin: 1.0000e-12
  Use 64 bit (double) normal precision floating point arithmetic.
  Mininum |rhs| : 1.0000e-05
  Maximum |rhs| (transient): 1.0000e+15
  Maximum |rhs| (non-transient): 1.0000e+100
  Maximum |rhs| factor : 1.0000e+10
  Maximum |rhs| factor1 : 1.0000e+10
  Lattice Temperature Range : (50,5.0000e+03)
  Carrier Temperature Range : (10,8.0000e+04)
  Simplified first order SHE of BTE will be solved
  SHERefinementCutoff : 20
  No user dependencies.
  Number of assembly threads: 1 (default)
  Number of solver threads: 1 (OMP_NUM_THREADS)
  Thread stacksize: 1000000 bytes (default)
  Go serial if not enough parallel licenses are available.

Default device parameters:
  Electrodes:
    "Source" : 0.0000e+00 V (Ohmic), area factor : 1
    "Drain" : 0.0000e+00 V (Ohmic), area factor : 1
    "Gate" : 0.0000e+00 V (Ohmic), area factor : 1
    "Body" : 0.0000e+00 V (Ohmic), area factor : 1
  RayTrace Boundaries:
  Files:
    no Boundary file
    Grid file: MOSFET_msh.tdr
    no Doping file
    no MobilityDoping file
    MIMCurrent file: MOSFET_mimcur_des.plt
    no MIMBand file
    MIMSensitivity file: MOSFET_mimsa_des.tdr
    no Load file
    no Save file
    Plot file: MOSFET_Vds0p5V_des.tdr
    no DevFieldsName file
    AutoNewtonPlot file: MOSFET_Vds0p5V_des_%ld_des.tdr
    no Path file
    no Lifetime file
    no Temperature file
    Current file: MOSFET_Vds0p5V_des.plt
    no PMIUserFields file
    no Extraction file
    no ModelParameters file
    ParameterPath directories: 
    no Piezo file
    no mcDOS file
    no ModeGain file
    no Optical emission table for stimulated emission file
    no Optical emission table for spontaneous emission file
    no Optical emission table for photon phase change coefficient file
    no EmissionTable file
    no DephasingRates file
    no OpticalFarField file
    no OpticalIntensityPattern file
    no SaveOpticalIntensityPattern file
    no IlluminationSpectrum file
    no SpectralPlot file
    no OpticalSolverInput file
    no OpticalGenerationInput file
    no OpticalGenerationOutuput file
    no OptGenTransientScaling file
    no MonteCarloInput file
    no MonteCarloOutput file
    no ACPlot file
-----------------------------------------------
  Numerical parameters:
    With avalanche derivatives
    Using old wavelength search algorithm
    Do not reinitialize quasi Fermi potentials in quasi-stationary simulations
    Ignore ionization integral constraints
    Without diagonal preconditioning
    With Scharfetter-Gummel Discretization
    Relative error : 5 digits
    Delta for numerical tunnelling derivatives : 1.0000e-03
    Do not compute breakdown paths and ionization integrals
    QuasiFermiPotential is used for Contact Equation
    With usage of best vertex in element (maximum element-vertex volume angle) for impact ionization models
-----------------------------------------------
-----------------------------------------------
  Physical models:
    Without incomplete ionization
    Use Si parameters
    TATNonlocalPathNC = 0.0000e+00
    Without SRH-Recombination
    Without CDL-Recombination
    With optical generation computation 
    Without Band-to-Band-Tunneling
    Without Auger-Recombination
    Without Radiative Recombination
    Without Surface-Recombination
    Without Trap-Assisted-Auger-Recombination
    PMI recombination models: none
    Without thermal resistance interfaces
    Without distributed resistance interfaces for electrons
    Without distributed resistance interfaces for holes
    Without Piezo
    Without Anisotropic Material Properties
    Without Avalanche-Generation 
    Without Alpha Particle
    Without Heavy Ion
    Without polarization
    Volume charge density: 0.0000e+00 cm^-3
    Device Temperature = 3.0000e+02 K
    Electron Quasi Fermi Potential: 0.0000e+00 V
    Hole Quasi Fermi Potential: 0.0000e+00 V
    Without MagneticField
    With SingletExciton Barrier Type
    Intrinsic density models:
      default bandgap model
      Bandgap narrowing model: OldSlotboom with bandgap narrowing (no Fermi)
    default affinity model
    default effective mass model
    Electron mobility:
      Doping dependence:
        Default
      no Carrier-Carrier scattering
      no bulk trap Coulomb scattering 
      E_normal dependence:
        Lombardi
      Without ThinLayer mobility model
      High-field mobility: Caughey-Thomas saturation model, using gradient quasi-Fermi potential.
      Einstein relation for diffusivity-mobility ratio.
    Hole mobility:
      Doping dependence:
        Default
      no Carrier-Carrier scattering
      no bulk trap Coulomb scattering 
      E_normal dependence:
        Lombardi
      Without ThinLayer mobility model
      High-field mobility: Caughey-Thomas saturation model, using gradient quasi-Fermi potential.
      Einstein relation for diffusivity-mobility ratio.
    Energy relaxation time model: according to formula in parameter file
    Schottky resistance model: default bult-in model
    Lattice thermal conductivity model: according to formula in parameter file
    Metal Resistivity model: according to formula in parameter file
    Thermo Electric Power model: extraploted Si data
    Metal Thermo Electric Power model: MetalThermoElectricPower model not defined
    Lattice heat capacity model: temperature dependent
    no piezoelectric polarization model
    Without default parameters from file (use built-in default parameters)
-----------------------------------------------
  Process information for extraction purposes:
    none
  Plot variables:
    eDensity
    hDensity
    eCurrentDensity
    hCurrentDensity
    ElectrostaticPotential
    SpaceCharge
    ElectricField
    eMobility
    hMobility
    eVelocity
    hVelocity
    DopingConcentration
    DonorConcentration
    AcceptorConcentration
    ConductionBandEnergy
    ValenceBandEnergy

------------------------------------------------
  NoisePlot variables:
    none
  Plot groups:
    none

------------------------------------------------
  CurrentPlot variables:
    none
Devices:
Systems:
Solve :
 Poisson
Coupled ( Digits : 5, Max. #iterations : 50, 
    Solver : blocked decomposition,
    #undamped iterations : 1000 
    )
    { Poisson Electron Hole } 
Quasistationary ( Digits : 5, Max. #iterations : 50, 
      Initial step in t : 0.01, 
      Minimum step in t : 5.0000e-10, Maximum step in t : 0.05, 
      Increment : 2, Decrement : 2, 
      Goal values :
        Contact Gate : -5.0000e-01V
    )
  {
    Coupled ( Digits : 5, Max. #iterations : 50, 
        Solver : blocked decomposition,
        #undamped iterations : 1000 
        )
        { Poisson Electron Hole } 
  }
Quasistationary ( Digits : 5, Max. #iterations : 50, 
      Initial step in t : 0.01, 
      Minimum step in t : 5.0000e-10, Maximum step in t : 0.05, 
      Increment : 2, Decrement : 2, 
      Goal values :
        Contact Gate : 3V
    )
  {
    Coupled ( Digits : 5, Max. #iterations : 50, 
        Solver : blocked decomposition,
        #undamped iterations : 1000 
        )
        { Poisson Electron Hole } 
  }

===============================

Reading grid 'MOSFET_msh.tdr' ... 
  coordinate system: UCS, 3d_sprocess (x is device down direction)
  use coordinate system as is (no transformation)
  TDR format
  Number of grid points is 11049.
done.

Adding interfaces and contacts .... done.

Computing edges ...
  Number of edges: 32928
done.
Computing boxes ...

  CVPL_AverageBoxMethod = TRUE 
   
  Boxmethod Parallel Computing: nbThreads = 1 

  Computing Delaunay coefficients ...   done.
  Delaunay coefficients time: (wallclock = 0.0000e+00 s, tcpu = 0.0000e+00 s)

  Parallel Computing Voronoi faces, coefficients, and measures ... 
  CVPL_Algorithm = TRUE 

    Computing Obtuse Elements ... 
     Obtuse Elements time:  tcpu = 0.0000e+00 s
      New Parameters time: (wallclock = 0.0000e+00 s, tcpu = 0.0000e+00 s)

Info for all regions (NumberOfRegions = 2):
        ElementWithMinVolume( 17480) Vertex0( 8862)( 4.980469e-02,-0.000000e+00) Volume = 8.881092e-09 um3 (1.78e-09 from TotalVolume)
          ElementWithMinEdge(  7189) Vertex0(  346)(-5.078125e-02,-0.000000e+00) Length = 9.094238e-05 um
              MaxFlatElement( 19942) Vertex0(10104)( 7.812500e-02, 1.007656e+00)  Angle = 6.411371e+01 degrees
         ElementWithMinAngle( 17558) Vertex0(  347)( 5.273438e-02,-0.000000e+00)  Angle = 2.665909e+00 degrees
   ElementWithMaxQualityEdge(  7190) Vertex0(  347)(-5.078125e-02, 9.094238e-05)    R/L = 1.074989e+01 
 ElementWithMaxQualityHeight(  7190) Vertex0(  347)(-5.078125e-02, 9.094238e-05)    R/H = 1.076154e+01 

Info for semiconductor regions (NumberOfRegions = 1):
        ElementWithMinVolume( 17480) Vertex0( 8862)( 4.980469e-02,-0.000000e+00) Volume = 8.881092e-09 um3 (1.78e-09 from TotalVolume)
          ElementWithMinEdge(  7189) Vertex0(  346)(-5.078125e-02,-0.000000e+00) Length = 9.094238e-05 um
              MaxFlatElement( 19942) Vertex0(10104)( 7.812500e-02, 1.007656e+00)  Angle = 6.411371e+01 degrees
         ElementWithMinAngle( 17558) Vertex0(  347)( 5.273438e-02,-0.000000e+00)  Angle = 2.665909e+00 degrees
   ElementWithMaxQualityEdge(  7190) Vertex0(  347)(-5.078125e-02, 9.094238e-05)    R/L = 1.074989e+01 
 ElementWithMaxQualityHeight(  7190) Vertex0(  347)(-5.078125e-02, 9.094238e-05)    R/H = 1.076154e+01 

   NumberOfEdges              =  32928 
   NumberOfGeometricalEdges   =  32762 
   NumberOfDoubleEdges        =      0 
   MaxNumberOfEdgesPerVertex  =      8; vertex(5078) = (-2.500000e-01,  1.085938e+00) [um]
   MaxNumberOfElementsPerEdge =      2; edge(0) = (154, 161) 
                                        vertex(154) = (-4.980469e-02, -9.694214e-03) [um]
                                        vertex(161) = (-4.882812e-02, -9.388428e-03) [um]

                        NumberOfVertices =  11215 
                        NumberOfElements =  21714 
                       NumberOfTriangles =  21714  (100.00 %)
                      NumberOfRectangles =      0  ( 0.00 %)
                  NumberOfObtuseElements =      2  ( 0.01 %)
             NumberOfNonDelaunayElements =      0  ( 0.00 %)

  VertexWithMaxMeasure(10824)(-3.750000e-01, 4.373750e+00)
  MaxVertMeasure(4.892578e-03)/VertVolume(2.446289e-03) = 2.00e+00


/-------- Region non-Delaunay elements -------------------------------------------------------------------
 Region        Volume      BoxMethodVolume  DeltaVolume  Elements  non-Delaunay      non-DelaunayVolume 
  name          [um2]          [um2]           [%]                   Elements              [um2]   [%]   
 ---------------------------------------------------------------------------------------------------------
 Oxide      1.0000000e-03  1.0000000e-03     9.7e-12      6864       0 ( 0.00 %)   0.0000000e+00 ( 0.0000) 
 Substrate  5.0000000e+00  5.0000000e+00     1.4e-13     14850       0 ( 0.00 %)   0.0000000e+00 ( 0.0000) 
 .........................................................................................................
 Total      5.0010000e+00  5.0010000e+00     1.2e-13     21714       0 ( 0.00 %)   0.0000000e+00 ( 0.0000) 
\---------------------------------------------------------------------------------------------------------
    done.
  done.
  (times: wallclock = 0.04 s, tcpu = 0.04 s)
done.
Reading doping 'MOSFET_msh.tdr' (TDR format) ...
done.
done.


=======
Region: "Oxide"
  (material is "Oxide")
=======
  Using default lattice crystal coordinate system:
    effective LatticeParameters:
      X = (1, 0.0000e+00, 0.0000e+00)
      Y = (0.0000e+00, 1, 0.0000e+00)
      Z = (0.0000e+00, 0.0000e+00, 1)
  Constants are not modified and equal to default ones

=======
Region: "Substrate"
  (material is "Silicon")
=======
  Using default lattice crystal coordinate system:
    effective LatticeParameters:
      X = (1, 0.0000e+00, 0.0000e+00)
      Y = (0.0000e+00, 1, 0.0000e+00)
      Z = (0.0000e+00, 0.0000e+00, 1)
  Constants are not modified and equal to default ones

================
RegionInterface: "Oxide/Substrate"
  (material interface is "Oxide/Silicon")
================
  Constants are not modified and equal to default ones

==========
Electrode: "Body"
==========
  Constants are not modified and equal to default ones

==========
Electrode: "Drain"
==========
  Constants are not modified and equal to default ones

==========
Electrode: "Gate"
==========
  Constants are not modified and equal to default ones

==========
Electrode: "Source"
==========
  Constants are not modified and equal to default ones


No individual doping species found in doping file!
Recognized doping species are:
    acceptors:
        BoronConcentration
        AluminumConcentration
        IndiumConcentration
        PDopantConcentration
        BoronActiveConcentration
        AluminumActiveConcentration
        IndiumActiveConcentration
        PDopantActiveConcentration
        BerylliumConcentration
        BerylliumActiveConcentration
        pCarbonConcentration
        pCarbonActiveConcentration
        pGermaniumConcentration
        pGermaniumActiveConcentration
        pMagnesiumConcentration
        pMagnesiumActiveConcentration
        pSiliconConcentration
        pSiliconActiveConcentration
        pTinConcentration
        pTinActiveConcentration
        ZincConcentration
        ZincActiveConcentration
    donors:
        ArsenicConcentration
        PhosphorusConcentration
        AntimonyConcentration
        NitrogenConcentration
        NDopantConcentration
        ArsenicActiveConcentration
        PhosphorusActiveConcentration
        AntimonyActiveConcentration
        NitrogenActiveConcentration
        NDopantActiveConcentration
        nCarbonConcentration
        nCarbonActiveConcentration
        nGermaniumConcentration
        nGermaniumActiveConcentration
        nSiliconConcentration
        nSiliconActiveConcentration
        nTinConcentration
        nTinActiveConcentration
        SeleniumConcentration
        SeleniumActiveConcentration
        SulfurConcentration
        SulfurActiveConcentration
        TelluriumConcentration
        TelluriumActiveConcentration

Acceptor and donor concentrations (AcceptorConcentration, DonorConcentration):
    computed based on net doping
Net doping concentration (DopingConcentration):
    obtained from doping file
Total doping concentration (TotalConcentration):
    not found in doping file



With Constant Reference Potential:
  Parameters of Reference Semiconductor:
    The Electron Affinity: 4.07274
    The Band Gap: 1.10821
    The Electron DOS: 2.8583e+19
    The Hole DOS: 3.1046e+19
  The Constant Reference Potential: 4.62578

===============================
Starting solve of next problem:
 Poisson
===============================

Computing poisson-equation 
using Bank/Rose nonlinear solver.

Iteration   |Rhs|      factor     |step|     error   #inner  #iterative  time
------------------------------------------------------------------------------
    0      8.26e+01                                                      0.01
    1      3.40e+01   1.00e+00   6.89e+00   1.47e+05    0         1      0.06
    2      1.02e+01   1.00e+00   6.15e+00   1.85e+05    0         1      0.10
    3      1.41e+00   1.00e+00   2.70e+00   7.76e+04    0         1      0.14
    4      5.86e-01   1.00e+00   1.67e+00   4.94e+04    0         1      0.18
    5      4.20e-02   1.00e+00   6.13e-01   1.42e+04    0         1      0.23
    6      7.16e-04   1.00e+00   4.18e-03   7.43e+01    0         1      0.27
    7      7.63e-08   1.00e+00   2.07e-05   3.00e-01    0         1      0.31
Finished, because...
Error smaller than 1 ( 2.9996E-01 ).

Accumulated times:
Assembly time:        0.09 s
Solve time:      0.22 s
Total time:      0.31 s

contact        voltage     electron current    hole current  conduction current
 Body         0.000E+00       3.804E-19        -4.385E-31        3.804E-19
 Drain        0.000E+00       1.199E-19         2.180E-31        1.199E-19
 Gate         0.000E+00       0.000E+00         0.000E+00        0.000E+00
 Source       0.000E+00      -5.003E-19         2.205E-31       -5.003E-19


===============================
Starting solve of next problem:
Coupled ( Digits : 5, Max. #iterations : 50, 
    Solver : blocked decomposition,
    #undamped iterations : 1000 
    )
    { Poisson Electron Hole } 
===============================

Computing Coupled( 1 poisson-equation(s) , 1 electron-equation(s) , 
                   1 hole-equation(s) ) 
using Bank/Rose nonlinear solver.

Iteration   |Rhs|      factor     |step|     error   #inner  #iterative  time
------------------------------------------------------------------------------
    0      3.40e-05                                                      0.27
    1      3.30e-04   1.00e+00   1.74e-09   1.01e-04    0         1      0.99
Finished, because...
Error smaller than 1 ( 1.0138E-04 ).

Accumulated times:
Assembly time:        0.61 s
Solve time:      0.37 s
Total time:      0.99 s

contact        voltage     electron current    hole current  conduction current
 Body         0.000E+00       7.145E-18        -2.110E-33        7.145E-18
 Drain        0.000E+00      -6.008E-19         5.338E-33       -6.008E-19
 Gate         0.000E+00       0.000E+00         0.000E+00        0.000E+00
 Source       0.000E+00      -6.544E-18        -3.228E-33       -6.544E-18


===============================
Starting solve of next problem:
Quasistationary ( Digits : 5, Max. #iterations : 50, 
      Initial step in t : 0.01, 
      Minimum step in t : 5.0000e-10, Maximum step in t : 0.05, 
      Increment : 2, Decrement : 2, 
      Goal values :
        Contact Gate : -5.0000e-01V
    )
  {
    Coupled ( Digits : 5, Max. #iterations : 50, 
        Solver : blocked decomposition,
        #undamped iterations : 1000 
        )
        { Poisson Electron Hole } 
  }
===============================

Computing step from t=0.0000e+00 to t=0.01 (Stepsize: 0.01) :
Computing Coupled( 1 poisson-equation(s) , 1 electron-equation(s) , 
                   1 hole-equation(s) ) 
using Bank/Rose nonlinear solver.

Iteration   |Rhs|      factor     |step|     error   #inner  #iterative  time
------------------------------------------------------------------------------
    0      2.02e-01                                                      0.30
    1      2.00e+05   1.00e+00   7.27e-02   4.24e+03    0         1      1.04
    2      1.06e+02   1.00e+00   1.88e-03   1.25e+02    0         1      1.74
    3      3.37e-04   1.00e+00   1.83e-06   8.68e-02    0         1      2.43
Finished, because...
Error smaller than 1 ( 8.6798E-02 ).

Accumulated times:
Assembly time:        1.36 s
Solve time:      1.07 s
Total time:      2.43 s

contact        voltage     electron current    hole current  conduction current
 Body         0.000E+00      -1.883E-18        -4.368E-33       -1.883E-18
 Drain        0.000E+00      -2.075E-18         3.902E-33       -2.075E-18
 Gate        -5.000E-03       0.000E+00         0.000E+00        0.000E+00
 Source       0.000E+00       3.958E-18         4.662E-34        3.958E-18

Computing step from t=0.01 to t=0.0294667 (Stepsize: 0.0194667) :
Extrapolating values for t = 0.0294667 ... done.
Computing Coupled( 1 poisson-equation(s) , 1 electron-equation(s) , 
                   1 hole-equation(s) ) 
using Bank/Rose nonlinear solver.

Iteration   |Rhs|      factor     |step|     error   #inner  #iterative  time
------------------------------------------------------------------------------
    0      2.03e-03                                                      0.30
    1      2.42e+00   1.00e+00   2.63e-05   1.50e+00    0         1      1.00
    2      4.10e-04   1.00e+00   5.67e-10   3.61e-05    0         1      1.70
Finished, because...
Error smaller than 1 ( 3.6111E-05 ).

Accumulated times:
Assembly time:        0.98 s
Solve time:      0.72 s
Total time:      1.70 s

contact        voltage     electron current    hole current  conduction current
 Body         0.000E+00      -2.675E-19        -2.448E-33       -2.675E-19
 Drain        0.000E+00       2.558E-18        -4.738E-34        2.558E-18
 Gate        -1.473E-02       0.000E+00         0.000E+00        0.000E+00
 Source       0.000E+00      -2.290E-18         2.921E-33       -2.290E-18

Computing step from t=0.0294667 to t=0.0678809 (Stepsize: 0.0384142) :
Extrapolating values for t = 0.0678809 ... done.
Computing Coupled( 1 poisson-equation(s) , 1 electron-equation(s) , 
                   1 hole-equation(s) ) 
using Bank/Rose nonlinear solver.

Iteration   |Rhs|      factor     |step|     error   #inner  #iterative  time
------------------------------------------------------------------------------
    0      2.00e-03                                                      0.32
    1      3.37e+01   1.00e+00   9.87e-05   5.63e+00    0         1      1.02
    2      3.48e-04   1.00e+00   7.97e-09   5.10e-04    0         1      1.74
Finished, because...
Error smaller than 1 ( 5.0981E-04 ).

Accumulated times:
Assembly time:        1.01 s
Solve time:      0.73 s
Total time:      1.74 s

contact        voltage     electron current    hole current  conduction current
 Body         0.000E+00      -8.927E-18         2.007E-33       -8.927E-18
 Drain        0.000E+00       4.950E-19        -4.974E-33        4.950E-19
 Gate        -3.394E-02       0.000E+00         0.000E+00        0.000E+00
 Source       0.000E+00       8.432E-18         2.967E-33        8.432E-18

Computing step from t=0.0678809 to t=0.117881 (Stepsize: 0.05) :
Extrapolating values for t = 0.117881 ... done.
Computing Coupled( 1 poisson-equation(s) , 1 electron-equation(s) , 
                   1 hole-equation(s) ) 
using Bank/Rose nonlinear solver.

Iteration   |Rhs|      factor     |step|     error   #inner  #iterative  time
------------------------------------------------------------------------------
    0      1.22e-03                                                      0.32
    1      1.18e+02   1.00e+00   1.86e-04   1.06e+01    0         1      1.04
    2      3.85e-04   1.00e+00   2.84e-08   1.82e-03    0         1      1.74
Finished, because...
Error smaller than 1 ( 1.8243E-03 ).

Accumulated times:
Assembly time:        1.00 s
Solve time:      0.73 s
Total time:      1.74 s

contact        voltage     electron current    hole current  conduction current
 Body         0.000E+00       5.044E-18        -3.980E-33        5.044E-18
 Drain        0.000E+00      -5.025E-18         3.406E-33       -5.025E-18
 Gate        -5.894E-02       0.000E+00         0.000E+00        0.000E+00
 Source       0.000E+00      -1.914E-20         5.736E-34       -1.914E-20

Computing step from t=0.117881 to t=0.167881 (Stepsize: 0.05) :
Extrapolating values for t = 0.167881 ... done.
Computing Coupled( 1 poisson-equation(s) , 1 electron-equation(s) , 
                   1 hole-equation(s) ) 
using Bank/Rose nonlinear solver.

Iteration   |Rhs|      factor     |step|     error   #inner  #iterative  time
------------------------------------------------------------------------------
    0      9.93e-04                                                      0.31
    1      1.31e+02   1.00e+00   1.97e-04   1.13e+01    0         1      1.00
    2      3.20e-04   1.00e+00   3.19e-08   2.05e-03    0         1      1.69
Finished, because...
Error smaller than 1 ( 2.0523E-03 ).

Accumulated times:
Assembly time:        0.98 s
Solve time:      0.70 s
Total time:      1.69 s

contact        voltage     electron current    hole current  conduction current
 Body         0.000E+00      -3.640E-18         1.591E-33       -3.640E-18
 Drain        0.000E+00       7.958E-18         4.263E-33        7.958E-18
 Gate        -8.394E-02       0.000E+00         0.000E+00        0.000E+00
 Source       0.000E+00      -4.318E-18        -5.854E-33       -4.318E-18

Computing step from t=0.167881 to t=0.217881 (Stepsize: 0.05) :
Extrapolating values for t = 0.217881 ... done.
Computing Coupled( 1 poisson-equation(s) , 1 electron-equation(s) , 
                   1 hole-equation(s) ) 
using Bank/Rose nonlinear solver.

Iteration   |Rhs|      factor     |step|     error   #inner  #iterative  time
------------------------------------------------------------------------------
    0      8.29e-04                                                      0.30
    1      1.13e+02   1.00e+00   1.83e-04   1.05e+01    0         1      0.99
    2      3.49e-04   1.00e+00   2.77e-08   1.79e-03    0         1      1.72
Finished, because...
Error smaller than 1 ( 1.7867E-03 ).

Accumulated times:
Assembly time:        0.99 s
Solve time:      0.73 s
Total time:      1.72 s

contact        voltage     electron current    hole current  conduction current
 Body         0.000E+00       1.938E-19         2.268E-33        1.938E-19
 Drain        0.000E+00      -8.616E-19         4.694E-33       -8.616E-19
 Gate        -1.089E-01       0.000E+00         0.000E+00        0.000E+00
 Source       0.000E+00       6.677E-19        -6.962E-33        6.677E-19

Computing step from t=0.217881 to t=0.267881 (Stepsize: 0.05) :
Extrapolating values for t = 0.267881 ... done.
Computing Coupled( 1 poisson-equation(s) , 1 electron-equation(s) , 
                   1 hole-equation(s) ) 
using Bank/Rose nonlinear solver.

Iteration   |Rhs|      factor     |step|     error   #inner  #iterative  time
------------------------------------------------------------------------------
    0      8.41e-04                                                      0.32
    1      9.77e+01   1.00e+00   1.70e-04   9.73e+00    0         1      1.06
    2      3.90e-04   1.00e+00   2.41e-08   1.56e-03    0         1      1.82
Finished, because...
Error smaller than 1 ( 1.5563E-03 ).

Accumulated times:
Assembly time:        1.05 s
Solve time:      0.76 s
Total time:      1.82 s

contact        voltage     electron current    hole current  conduction current
 Body         0.000E+00       4.651E-18         4.355E-33        4.651E-18
 Drain        0.000E+00      -2.473E-18        -1.344E-34       -2.473E-18
 Gate        -1.339E-01       0.000E+00         0.000E+00        0.000E+00
 Source       0.000E+00      -2.177E-18        -4.221E-33       -2.177E-18

Computing step from t=0.267881 to t=0.317881 (Stepsize: 0.05) :
Extrapolating values for t = 0.317881 ... done.
Computing Coupled( 1 poisson-equation(s) , 1 electron-equation(s) , 
                   1 hole-equation(s) ) 
using Bank/Rose nonlinear solver.

Iteration   |Rhs|      factor     |step|     error   #inner  #iterative  time
------------------------------------------------------------------------------
    0      7.61e-04                                                      0.32
    1      8.44e+01   1.00e+00   1.57e-04   9.00e+00    0         1      1.05
    2      3.73e-04   1.00e+00   2.09e-08   1.35e-03    0         1      1.76
Finished, because...
Error smaller than 1 ( 1.3546E-03 ).

Accumulated times:
Assembly time:        1.01 s
Solve time:      0.74 s
Total time:      1.76 s

contact        voltage     electron current    hole current  conduction current
 Body         0.000E+00       4.734E-18        -1.259E-33        4.734E-18
 Drain        0.000E+00      -4.191E-18         3.636E-33       -4.191E-18
 Gate        -1.589E-01       0.000E+00         0.000E+00        0.000E+00
 Source       0.000E+00      -5.425E-19        -2.377E-33       -5.425E-19

Computing step from t=0.317881 to t=0.367881 (Stepsize: 0.05) :
Extrapolating values for t = 0.367881 ... done.
Computing Coupled( 1 poisson-equation(s) , 1 electron-equation(s) , 
                   1 hole-equation(s) ) 
using Bank/Rose nonlinear solver.

Iteration   |Rhs|      factor     |step|     error   #inner  #iterative  time
------------------------------------------------------------------------------
    0      9.93e-04                                                      0.31
    1      7.30e+01   1.00e+00   1.45e-04   8.28e+00    0         1      1.05
    2      4.11e-04   1.00e+00   1.82e-08   1.18e-03    0         1      1.79
Finished, because...
Error smaller than 1 ( 1.1763E-03 ).

Accumulated times:
Assembly time:        1.03 s
Solve time:      0.75 s
Total time:      1.79 s

contact        voltage     electron current    hole current  conduction current
 Body         0.000E+00      -1.245E-17        -5.256E-34       -1.245E-17
 Drain        0.000E+00       7.650E-18         5.164E-33        7.650E-18
 Gate        -1.839E-01       0.000E+00         0.000E+00        0.000E+00
 Source       0.000E+00       4.800E-18        -4.639E-33        4.800E-18

Computing step from t=0.367881 to t=0.417881 (Stepsize: 0.05) :
Extrapolating values for t = 0.417881 ... done.
Computing Coupled( 1 poisson-equation(s) , 1 electron-equation(s) , 
                   1 hole-equation(s) ) 
using Bank/Rose nonlinear solver.

Iteration   |Rhs|      factor     |step|     error   #inner  #iterative  time
------------------------------------------------------------------------------
    0      8.51e-04                                                      0.33
    1      6.32e+01   1.00e+00   1.32e-04   7.54e+00    0         1      1.08
    2      3.13e-04   1.00e+00   1.57e-08   1.02e-03    0         1      1.93
Finished, because...
Error smaller than 1 ( 1.0166E-03 ).

Accumulated times:
Assembly time:        1.11 s
Solve time:      0.81 s
Total time:      1.93 s

contact        voltage     electron current    hole current  conduction current
 Body         0.000E+00      -1.947E-18         5.474E-33       -1.947E-18
 Drain        0.000E+00       4.120E-19         6.793E-34        4.120E-19
 Gate        -2.089E-01       0.000E+00         0.000E+00        0.000E+00
 Source       0.000E+00       1.535E-18        -6.154E-33        1.535E-18

Computing step from t=0.417881 to t=0.467881 (Stepsize: 0.05) :
Extrapolating values for t = 0.467881 ... done.
Computing Coupled( 1 poisson-equation(s) , 1 electron-equation(s) , 
                   1 hole-equation(s) ) 
using Bank/Rose nonlinear solver.

Iteration   |Rhs|      factor     |step|     error   #inner  #iterative  time
------------------------------------------------------------------------------
    0      7.52e-04                                                      0.38
    1      5.46e+01   1.00e+00   1.19e-04   6.81e+00    0         1      1.15
    2      3.60e-04   1.00e+00   1.35e-08   8.72e-04    0         1      1.90
Finished, because...
Error smaller than 1 ( 8.7209E-04 ).

Accumulated times:
Assembly time:        1.12 s
Solve time:      0.77 s
Total time:      1.90 s

contact        voltage     electron current    hole current  conduction current
 Body         0.000E+00       2.029E-18         4.457E-33        2.029E-18
 Drain        0.000E+00      -1.046E-18        -2.942E-34       -1.046E-18
 Gate        -2.339E-01       0.000E+00         0.000E+00        0.000E+00
 Source       0.000E+00      -9.831E-19        -4.162E-33       -9.831E-19

Computing step from t=0.467881 to t=0.517881 (Stepsize: 0.05) :
Extrapolating values for t = 0.517881 ... done.
Computing Coupled( 1 poisson-equation(s) , 1 electron-equation(s) , 
                   1 hole-equation(s) ) 
using Bank/Rose nonlinear solver.

Iteration   |Rhs|      factor     |step|     error   #inner  #iterative  time
------------------------------------------------------------------------------
    0      6.95e-04                                                      0.33
    1      4.71e+01   1.00e+00   1.08e-04   6.17e+00    0         1      1.11
    2      3.63e-04   1.00e+00   1.15e-08   7.41e-04    0         1      1.92
Finished, because...
Error smaller than 1 ( 7.4056E-04 ).

Accumulated times:
Assembly time:        1.13 s
Solve time:      0.78 s
Total time:      1.92 s

contact        voltage     electron current    hole current  conduction current
 Body         0.000E+00       3.095E-20         6.935E-33        3.095E-20
 Drain        0.000E+00      -1.979E-18        -1.882E-33       -1.979E-18
 Gate        -2.589E-01       0.000E+00         0.000E+00        0.000E+00
 Source       0.000E+00       1.948E-18        -5.053E-33        1.948E-18

Computing step from t=0.517881 to t=0.567881 (Stepsize: 0.05) :
Extrapolating values for t = 0.567881 ... done.
Computing Coupled( 1 poisson-equation(s) , 1 electron-equation(s) , 
                   1 hole-equation(s) ) 
using Bank/Rose nonlinear solver.

Iteration   |Rhs|      factor     |step|     error   #inner  #iterative  time
------------------------------------------------------------------------------
    0      1.34e-03                                                      0.36
    1      4.05e+01   1.00e+00   1.06e-04   6.04e+00    0         1      1.17
    2      3.71e-04   1.00e+00   9.98e-09   6.50e-04    0         1      1.96
Finished, because...
Error smaller than 1 ( 6.5027E-04 ).

Accumulated times:
Assembly time:        1.12 s
Solve time:      0.84 s
Total time:      1.96 s

contact        voltage     electron current    hole current  conduction current
 Body         0.000E+00       1.801E-18        -6.173E-33        1.801E-18
 Drain        0.000E+00       1.054E-18         5.259E-33        1.054E-18
 Gate        -2.839E-01       0.000E+00         0.000E+00        0.000E+00
 Source       0.000E+00      -2.854E-18         9.142E-34       -2.854E-18

Computing step from t=0.567881 to t=0.617881 (Stepsize: 0.05) :
Extrapolating values for t = 0.617881 ... done.
Computing Coupled( 1 poisson-equation(s) , 1 electron-equation(s) , 
                   1 hole-equation(s) ) 
using Bank/Rose nonlinear solver.

Iteration   |Rhs|      factor     |step|     error   #inner  #iterative  time
------------------------------------------------------------------------------
    0      9.63e-04                                                      0.33
    1      3.46e+01   1.00e+00   1.31e-04   7.35e+00    0         1      1.16
    2      3.26e-04   1.00e+00   1.32e-08   9.16e-04    0         1      2.02
Finished, because...
Error smaller than 1 ( 9.1603E-04 ).

Accumulated times:
Assembly time:        1.17 s
Solve time:      0.84 s
Total time:      2.02 s

contact        voltage     electron current    hole current  conduction current
 Body         0.000E+00      -5.466E-18         3.272E-33       -5.466E-18
 Drain        0.000E+00       2.623E-18         8.091E-34        2.623E-18
 Gate        -3.089E-01       0.000E+00         0.000E+00        0.000E+00
 Source       0.000E+00       2.843E-18        -4.081E-33        2.843E-18

Computing step from t=0.617881 to t=0.667881 (Stepsize: 0.05) :
Extrapolating values for t = 0.667881 ... done.
Computing Coupled( 1 poisson-equation(s) , 1 electron-equation(s) , 
                   1 hole-equation(s) ) 
using Bank/Rose nonlinear solver.

Iteration   |Rhs|      factor     |step|     error   #inner  #iterative  time
------------------------------------------------------------------------------
    0      7.84e-04                                                      0.38
    1      2.92e+01   1.00e+00   2.00e-04   1.12e+01    0         1      1.15
    2      3.98e-04   1.00e+00   3.44e-08   2.43e-03    0         1      1.90
Finished, because...
Error smaller than 1 ( 2.4310E-03 ).

Accumulated times:
Assembly time:        1.11 s
Solve time:      0.77 s
Total time:      1.90 s

contact        voltage     electron current    hole current  conduction current
 Body         0.000E+00      -4.619E-18         2.121E-33       -4.619E-18
 Drain        0.000E+00       2.079E-18         4.281E-33        2.079E-18
 Gate        -3.339E-01       0.000E+00         0.000E+00        0.000E+00
 Source       0.000E+00       2.541E-18        -6.402E-33        2.541E-18

Computing step from t=0.667881 to t=0.717881 (Stepsize: 0.05) :
Extrapolating values for t = 0.717881 ... done.
Computing Coupled( 1 poisson-equation(s) , 1 electron-equation(s) , 
                   1 hole-equation(s) ) 
using Bank/Rose nonlinear solver.

Iteration   |Rhs|      factor     |step|     error   #inner  #iterative  time
------------------------------------------------------------------------------
    0      8.55e-04                                                      0.33
    1      2.41e+01   1.00e+00   3.30e-04   1.84e+01    0         1      1.13
    2      3.62e-04   1.00e+00   9.76e-08   6.87e-03    0         1      1.90
Finished, because...
Error smaller than 1 ( 6.8708E-03 ).

Accumulated times:
Assembly time:        1.09 s
Solve time:      0.80 s
Total time:      1.90 s

contact        voltage     electron current    hole current  conduction current
 Body         0.000E+00      -3.926E-18        -5.935E-34       -3.926E-18
 Drain        0.000E+00       3.728E-19         7.559E-33        3.728E-19
 Gate        -3.589E-01       0.000E+00         0.000E+00        0.000E+00
 Source       0.000E+00       3.553E-18        -6.966E-33        3.553E-18

Computing step from t=0.717881 to t=0.767881 (Stepsize: 0.05) :
Extrapolating values for t = 0.767881 ... done.
Computing Coupled( 1 poisson-equation(s) , 1 electron-equation(s) , 
                   1 hole-equation(s) ) 
using Bank/Rose nonlinear solver.

Iteration   |Rhs|      factor     |step|     error   #inner  #iterative  time
------------------------------------------------------------------------------
    0      8.45e-04                                                      0.33
    1      1.91e+01   1.00e+00   5.46e-04   3.05e+01    0         1      1.13
    2      3.18e-04   1.00e+00   2.66e-07   1.86e-02    0         1      1.90
Finished, because...
Error smaller than 1 ( 1.8642E-02 ).

Accumulated times:
Assembly time:        1.09 s
Solve time:      0.80 s
Total time:      1.90 s

contact        voltage     electron current    hole current  conduction current
 Body         0.000E+00      -2.538E-18        -8.624E-34       -2.538E-18
 Drain        0.000E+00       3.400E-18         4.226E-33        3.400E-18
 Gate        -3.839E-01       0.000E+00         0.000E+00        0.000E+00
 Source       0.000E+00      -8.625E-19        -3.364E-33       -8.625E-19

Computing step from t=0.767881 to t=0.817881 (Stepsize: 0.05) :
Extrapolating values for t = 0.817881 ... done.
Computing Coupled( 1 poisson-equation(s) , 1 electron-equation(s) , 
                   1 hole-equation(s) ) 
using Bank/Rose nonlinear solver.

Iteration   |Rhs|      factor     |step|     error   #inner  #iterative  time
------------------------------------------------------------------------------
    0      7.01e-04                                                      0.34
    1      1.41e+01   1.00e+00   8.91e-04   4.97e+01    0         1      1.16
    2      3.55e-04   1.00e+00   7.01e-07   4.88e-02    0         1      1.93
Finished, because...
Error smaller than 1 ( 4.8840E-02 ).

Accumulated times:
Assembly time:        1.13 s
Solve time:      0.80 s
Total time:      1.93 s

contact        voltage     electron current    hole current  conduction current
 Body         0.000E+00      -8.308E-18         2.477E-33       -8.308E-18
 Drain        0.000E+00      -1.549E-18         2.433E-33       -1.549E-18
 Gate        -4.089E-01       0.000E+00         0.000E+00        0.000E+00
 Source       0.000E+00       9.856E-18        -4.909E-33        9.856E-18

Computing step from t=0.817881 to t=0.867881 (Stepsize: 0.05) :
Extrapolating values for t = 0.867881 ... done.
Computing Coupled( 1 poisson-equation(s) , 1 electron-equation(s) , 
                   1 hole-equation(s) ) 
using Bank/Rose nonlinear solver.

Iteration   |Rhs|      factor     |step|     error   #inner  #iterative  time
------------------------------------------------------------------------------
    0      6.90e-04                                                      0.34
    1      8.94e+00   1.00e+00   1.43e-03   7.99e+01    0         1      1.11
    2      3.93e-04   1.00e+00   1.80e-06   1.24e-01    0         1      1.88
Finished, because...
Error smaller than 1 ( 1.2395E-01 ).

Accumulated times:
Assembly time:        1.09 s
Solve time:      0.79 s
Total time:      1.88 s

contact        voltage     electron current    hole current  conduction current
 Body         0.000E+00       3.698E-18        -4.166E-33        3.698E-18
 Drain        0.000E+00      -4.008E-19         5.777E-33       -4.008E-19
 Gate        -4.339E-01       0.000E+00         0.000E+00        0.000E+00
 Source       0.000E+00      -3.297E-18        -1.611E-33       -3.297E-18

Computing step from t=0.867881 to t=0.917881 (Stepsize: 0.05) :
Extrapolating values for t = 0.917881 ... done.
Computing Coupled( 1 poisson-equation(s) , 1 electron-equation(s) , 
                   1 hole-equation(s) ) 
using Bank/Rose nonlinear solver.

Iteration   |Rhs|      factor     |step|     error   #inner  #iterative  time
------------------------------------------------------------------------------
    0      8.76e-04                                                      0.33
    1      6.63e+00   1.00e+00   2.26e-03   1.26e+02    0         1      1.08
    2      3.07e-04   1.00e+00   4.46e-06   3.03e-01    0         1      1.83
Finished, because...
Error smaller than 1 ( 3.0297E-01 ).

Accumulated times:
Assembly time:        1.07 s
Solve time:      0.76 s
Total time:      1.83 s

contact        voltage     electron current    hole current  conduction current
 Body         0.000E+00      -1.511E-18        -2.187E-33       -1.511E-18
 Drain        0.000E+00       1.534E-18         2.785E-33        1.534E-18
 Gate        -4.589E-01       0.000E+00         0.000E+00        0.000E+00
 Source       0.000E+00      -2.305E-20        -5.979E-34       -2.305E-20

Computing step from t=0.917881 to t=0.967881 (Stepsize: 0.05) :
Extrapolating values for t = 0.967881 ... done.
Computing Coupled( 1 poisson-equation(s) , 1 electron-equation(s) , 
                   1 hole-equation(s) ) 
using Bank/Rose nonlinear solver.

Iteration   |Rhs|      factor     |step|     error   #inner  #iterative  time
------------------------------------------------------------------------------
    0      9.50e-04                                                      0.32
    1      2.66e+01   1.00e+00   3.49e-03   1.95e+02    0         1      1.11
    2      4.22e-04   1.00e+00   1.06e-05   7.03e-01    0         1      1.97
Finished, because...
Error smaller than 1 ( 7.0288E-01 ).

Accumulated times:
Assembly time:        1.15 s
Solve time:      0.82 s
Total time:      1.97 s

contact        voltage     electron current    hole current  conduction current
 Body         0.000E+00       1.013E-17         9.326E-33        1.013E-17
 Drain        0.000E+00      -6.847E-18        -3.194E-34       -6.847E-18
 Gate        -4.839E-01       0.000E+00         0.000E+00        0.000E+00
 Source       0.000E+00      -3.283E-18        -9.006E-33       -3.283E-18

Computing step from t=0.967881 to t=1 (Stepsize: 0.0321191) :
Extrapolating values for t = 1 ... done.
Computing Coupled( 1 poisson-equation(s) , 1 electron-equation(s) , 
                   1 hole-equation(s) ) 
using Bank/Rose nonlinear solver.

Iteration   |Rhs|      factor     |step|     error   #inner  #iterative  time
------------------------------------------------------------------------------
    0      1.10e-03                                                      0.38
    1      2.08e+01   1.00e+00   2.62e-03   1.46e+02    0         1      1.24
    2      2.75e-04   1.00e+00   5.97e-06   3.86e-01    0         1      1.99
Finished, because...
Error smaller than 1 ( 3.8610E-01 ).

Accumulated times:
Assembly time:        1.15 s
Solve time:      0.82 s
Total time:      1.99 s

contact        voltage     electron current    hole current  conduction current
 Body         0.000E+00       1.103E-17        -4.353E-33        1.103E-17
 Drain        0.000E+00      -8.512E-18         6.625E-33       -8.512E-18
 Gate        -5.000E-01       0.000E+00         0.000E+00        0.000E+00
 Source       0.000E+00      -2.523E-18        -2.272E-33       -2.523E-18


Finished, because...
Curve trace finished.


===============================
Starting solve of next problem:
Quasistationary ( Digits : 5, Max. #iterations : 50, 
      Initial step in t : 0.01, 
      Minimum step in t : 5.0000e-10, Maximum step in t : 0.05, 
      Increment : 2, Decrement : 2, 
      Goal values :
        Contact Gate : 3V
    )
  {
    Coupled ( Digits : 5, Max. #iterations : 50, 
        Solver : blocked decomposition,
        #undamped iterations : 1000 
        )
        { Poisson Electron Hole } 
  }
===============================

Reusing extrapolation from a previous quasistationary

Computing step from t=0.0000e+00 to t=0.01 (Stepsize: 0.01) :
Extrapolating values for t = 0.01 ... done.
Computing Coupled( 1 poisson-equation(s) , 1 electron-equation(s) , 
                   1 hole-equation(s) ) 
using Bank/Rose nonlinear solver.

Iteration   |Rhs|      factor     |step|     error   #inner  #iterative  time
------------------------------------------------------------------------------
    0      1.29e-03                                                      0.33
    1      1.10e+01   1.00e+00   2.71e-03   1.51e+02    0         1      1.09
    2      3.50e-04   1.00e+00   6.37e-06   4.31e-01    0         1      1.83
Finished, because...
Error smaller than 1 ( 4.3120E-01 ).

Accumulated times:
Assembly time:        1.06 s
Solve time:      0.77 s
Total time:      1.83 s

contact        voltage     electron current    hole current  conduction current
 Body         0.000E+00       4.385E-18        -8.390E-33        4.385E-18
 Drain        0.000E+00       1.155E-18         2.649E-33        1.155E-18
 Gate        -4.650E-01       0.000E+00         0.000E+00        0.000E+00
 Source       0.000E+00      -5.540E-18         5.741E-33       -5.540E-18

Computing step from t=0.01 to t=0.0297333 (Stepsize: 0.0197333) :
Extrapolating values for t = 0.0297333 ... done.
Computing Coupled( 1 poisson-equation(s) , 1 electron-equation(s) , 
                   1 hole-equation(s) ) 
using Bank/Rose nonlinear solver.

Iteration   |Rhs|      factor     |step|     error   #inner  #iterative  time
------------------------------------------------------------------------------
    0      2.32e-03                                                      0.33
    1      3.32e+02   1.00e+00   1.91e-02   1.11e+03    0         1      1.09
    2      1.20e-02   1.00e+00   3.18e-04   2.28e+01    0         1      1.83
    3      3.47e-04   1.00e+00   5.01e-08   1.37e-03    0         1      2.58
Finished, because...
Error smaller than 1 ( 1.3679E-03 ).

Accumulated times:
Assembly time:        1.45 s
Solve time:      1.12 s
Total time:      2.58 s

contact        voltage     electron current    hole current  conduction current
 Body         0.000E+00      -3.049E-18        -3.630E-33       -3.049E-18
 Drain        0.000E+00       1.966E-18         3.304E-33        1.966E-18
 Gate        -3.959E-01       0.000E+00         0.000E+00        0.000E+00
 Source       0.000E+00       1.083E-18         3.259E-34        1.083E-18

Computing step from t=0.0297333 to t=0.0681476 (Stepsize: 0.0384142) :
Extrapolating values for t = 0.0681476 ... done.
Computing Coupled( 1 poisson-equation(s) , 1 electron-equation(s) , 
                   1 hole-equation(s) ) 
using Bank/Rose nonlinear solver.

Iteration   |Rhs|      factor     |step|     error   #inner  #iterative  time
------------------------------------------------------------------------------
    0      4.77e-03                                                      0.33
    1      8.70e+03   1.00e+00   2.09e-02   1.22e+03    0         1      1.09
    2      1.92e-01   1.00e+00   3.87e-04   2.82e+01    0         1      1.84
    3      3.42e-04   1.00e+00   7.99e-08   2.08e-03    0         1      2.57
Finished, because...
Error smaller than 1 ( 2.0827E-03 ).

Accumulated times:
Assembly time:        1.43 s
Solve time:      1.14 s
Total time:      2.57 s

contact        voltage     electron current    hole current  conduction current
 Body         0.000E+00       2.119E-18         6.347E-33        2.119E-18
 Drain        0.000E+00       4.937E-19        -2.097E-33        4.937E-19
 Gate        -2.615E-01       0.000E+00         0.000E+00        0.000E+00
 Source       0.000E+00      -2.612E-18        -4.250E-33       -2.612E-18

Computing step from t=0.0681476 to t=0.118148 (Stepsize: 0.05) :
Extrapolating values for t = 0.118148 ... done.
Computing Coupled( 1 poisson-equation(s) , 1 electron-equation(s) , 
                   1 hole-equation(s) ) 
using Bank/Rose nonlinear solver.

Iteration   |Rhs|      factor     |step|     error   #inner  #iterative  time
------------------------------------------------------------------------------
    0      1.32e-02                                                      0.32
    1      1.08e+05   1.00e+00   5.62e-03   3.19e+02    0         1      1.04
    2      2.89e+01   1.00e+00   2.46e-05   1.65e+00    0         1      1.76
    3      3.55e-04   1.00e+00   3.99e-09   3.29e-04    0         1      2.56
Finished, because...
Error smaller than 1 ( 3.2863E-04 ).

Accumulated times:
Assembly time:        1.43 s
Solve time:      1.13 s
Total time:      2.56 s

contact        voltage     electron current    hole current  conduction current
 Body         0.000E+00      -5.772E-18        -4.721E-33       -5.772E-18
 Drain        0.000E+00       3.560E-18         1.893E-33        3.560E-18
 Gate        -8.648E-02       0.000E+00         0.000E+00        0.000E+00
 Source       0.000E+00       2.213E-18         2.828E-33        2.213E-18

Computing step from t=0.118148 to t=0.168148 (Stepsize: 0.05) :
Extrapolating values for t = 0.168148 ... done.
Computing Coupled( 1 poisson-equation(s) , 1 electron-equation(s) , 
                   1 hole-equation(s) ) 
using Bank/Rose nonlinear solver.

Iteration   |Rhs|      factor     |step|     error   #inner  #iterative  time
------------------------------------------------------------------------------
    0      2.19e-02                                                      0.33
    1      3.52e+05   1.00e+00   9.00e-03   5.19e+02    0         1      1.10
    2      2.62e+02   1.00e+00   6.86e-05   4.20e+00    0         1      1.93
    3      4.06e-04   1.00e+00   4.54e-08   3.95e-03    0         1      2.71
Finished, because...
Error smaller than 1 ( 3.9512E-03 ).

Accumulated times:
Assembly time:        1.51 s
Solve time:      1.20 s
Total time:      2.71 s

contact        voltage     electron current    hole current  conduction current
 Body         0.000E+00       3.225E-18        -7.851E-33        3.225E-18
 Drain        0.000E+00      -1.348E-18         6.019E-33       -1.348E-18
 Gate         8.852E-02       0.000E+00         0.000E+00        0.000E+00
 Source       0.000E+00      -1.877E-18         1.831E-33       -1.877E-18

Computing step from t=0.168148 to t=0.218148 (Stepsize: 0.05) :
Extrapolating values for t = 0.218148 ... done.
Computing Coupled( 1 poisson-equation(s) , 1 electron-equation(s) , 
                   1 hole-equation(s) ) 
using Bank/Rose nonlinear solver.

Iteration   |Rhs|      factor     |step|     error   #inner  #iterative  time
------------------------------------------------------------------------------
    0      3.16e-02                                                      0.34
    1      9.21e+05   1.00e+00   1.55e-02   8.87e+02    0         1      1.18
    2      1.58e+03   1.00e+00   1.99e-04   1.18e+01    0         1      1.93
    3      3.72e-04   1.00e+00   3.96e-07   3.81e-02    0         1      2.70
Finished, because...
Error smaller than 1 ( 3.8147E-02 ).

Accumulated times:
Assembly time:        1.50 s
Solve time:      1.20 s
Total time:      2.70 s

contact        voltage     electron current    hole current  conduction current
 Body         0.000E+00       6.867E-17        -2.833E-33        6.867E-17
 Drain        0.000E+00      -3.501E-17         5.068E-33       -3.501E-17
 Gate         2.635E-01       0.000E+00         0.000E+00        0.000E+00
 Source       0.000E+00      -3.366E-17        -2.234E-33       -3.366E-17

Computing step from t=0.218148 to t=0.268148 (Stepsize: 0.05) :
Extrapolating values for t = 0.268148 ... done.
Computing Coupled( 1 poisson-equation(s) , 1 electron-equation(s) , 
                   1 hole-equation(s) ) 
using Bank/Rose nonlinear solver.

Iteration   |Rhs|      factor     |step|     error   #inner  #iterative  time
------------------------------------------------------------------------------
    0      4.30e-02                                                      0.35
    1      2.40e+06   1.00e+00   2.87e-02   1.68e+03    0         1      1.17
    2      1.34e+04   1.00e+00   6.94e-04   3.93e+01    0         1      1.97
    3      6.59e-01   1.00e+00   4.85e-06   4.74e-01    0         1      2.73
Finished, because...
Error smaller than 1 ( 4.7414E-01 ).

Accumulated times:
Assembly time:        1.55 s
Solve time:      1.18 s
Total time:      2.73 s

contact        voltage     electron current    hole current  conduction current
 Body         0.000E+00       1.662E-14         1.704E-31        1.662E-14
 Drain        0.000E+00      -8.400E-15        -8.146E-32       -8.400E-15
 Gate         4.385E-01       0.000E+00         0.000E+00        0.000E+00
 Source       0.000E+00      -8.221E-15        -8.890E-32       -8.221E-15

Computing step from t=0.268148 to t=0.318148 (Stepsize: 0.05) :
Extrapolating values for t = 0.318148 ... done.
Computing Coupled( 1 poisson-equation(s) , 1 electron-equation(s) , 
                   1 hole-equation(s) ) 
using Bank/Rose nonlinear solver.

Iteration   |Rhs|      factor     |step|     error   #inner  #iterative  time
------------------------------------------------------------------------------
    0      1.78e+00                                                      0.35
    1      5.48e+06   1.00e+00   6.18e-02   3.82e+03    0         1      1.19
    2      9.64e+04   1.00e+00   3.17e-03   1.67e+02    0         1      1.97
    3      5.62e+01   1.00e+00   7.51e-05   7.16e+00    0         1      2.73
    4      3.95e-04   1.00e+00   4.89e-08   4.74e-03    0         1      3.52
Finished, because...
Error smaller than 1 ( 4.7448E-03 ).

Accumulated times:
Assembly time:        1.91 s
Solve time:      1.60 s
Total time:      3.52 s

contact        voltage     electron current    hole current  conduction current
 Body         0.000E+00       1.276E-17        -5.109E-33        1.276E-17
 Drain        0.000E+00      -4.579E-18         4.917E-33       -4.579E-18
 Gate         6.135E-01       0.000E+00         0.000E+00        0.000E+00
 Source       0.000E+00      -8.179E-18         1.924E-34       -8.179E-18

Computing step from t=0.318148 to t=0.368148 (Stepsize: 0.05) :
Extrapolating values for t = 0.368148 ... done.
Computing Coupled( 1 poisson-equation(s) , 1 electron-equation(s) , 
                   1 hole-equation(s) ) 
using Bank/Rose nonlinear solver.

Iteration   |Rhs|      factor     |step|     error   #inner  #iterative  time
------------------------------------------------------------------------------
    0      1.09e+00                                                      0.38
    1      8.15e+06   1.00e+00   1.62e-01   1.19e+04    0         1      1.23
    2      6.61e+05   1.00e+00   2.05e-02   9.79e+02    0         1      2.06
    3      5.70e+03   1.00e+00   1.47e-03   1.25e+02    0         1      2.88
    4      3.47e-01   1.00e+00   1.55e-05   1.39e+00    0         1      3.75
    5      3.69e-04   1.00e+00   6.00e-10   5.36e-05    0         1      4.63
Finished, because...
Error smaller than 1 ( 5.3629E-05 ).

Accumulated times:
Assembly time:        2.52 s
Solve time:      2.10 s
Total time:      4.63 s

contact        voltage     electron current    hole current  conduction current
 Body         0.000E+00      -9.019E-18        -5.690E-33       -9.019E-18
 Drain        0.000E+00       7.545E-18         6.943E-33        7.545E-18
 Gate         7.885E-01       0.000E+00         0.000E+00        0.000E+00
 Source       0.000E+00       1.474E-18        -1.253E-33        1.474E-18

Computing step from t=0.368148 to t=0.418148 (Stepsize: 0.05) :
Extrapolating values for t = 0.418148 ... done.
Computing Coupled( 1 poisson-equation(s) , 1 electron-equation(s) , 
                   1 hole-equation(s) ) 
using Bank/Rose nonlinear solver.

Iteration   |Rhs|      factor     |step|     error   #inner  #iterative  time
------------------------------------------------------------------------------
    0      4.86e-02                                                      0.38
    1      2.55e+07   1.00e+00   4.27e-01   5.27e+04    0         1      1.29
    2      1.13e+07   1.00e+00   1.60e-01   5.86e+03    0         1      2.17
    3      9.75e+05   1.00e+00   2.88e-02   1.61e+03    0         1      3.01
    4      6.80e+03   1.00e+00   2.72e-03   1.35e+02    0         1      3.89
    5      2.26e-01   1.00e+00   1.51e-05   9.32e-01    0         1      4.78
Finished, because...
Error smaller than 1 ( 9.3163E-01 ).

Accumulated times:
Assembly time:        2.57 s
Solve time:      2.18 s
Total time:      4.78 s

contact        voltage     electron current    hole current  conduction current
 Body         0.000E+00       5.416E-15        -1.774E-30        5.416E-15
 Drain        0.000E+00      -2.749E-15         8.609E-31       -2.749E-15
 Gate         9.635E-01       0.000E+00         0.000E+00        0.000E+00
 Source       0.000E+00      -2.667E-15         9.126E-31       -2.667E-15

Computing step from t=0.418148 to t=0.468148 (Stepsize: 0.05) :
Extrapolating values for t = 0.468148 ... done.
Computing Coupled( 1 poisson-equation(s) , 1 electron-equation(s) , 
                   1 hole-equation(s) ) 
using Bank/Rose nonlinear solver.

Iteration   |Rhs|      factor     |step|     error   #inner  #iterative  time
------------------------------------------------------------------------------
    0      1.58e+00                                                      0.39
    1      7.48e+07   1.00e+00   4.70e-01   7.37e+04    0         1      1.30
    2      3.89e+07   1.00e+00   2.62e-01   4.75e+03    0         1      2.21
    3      1.39e+07   1.00e+00   5.35e-02   1.81e+03    0         1      3.01
    4      1.69e+06   1.00e+00   7.10e-03   4.24e+02    0         1      3.80
    5      1.51e+04   1.00e+00   2.59e-04   2.53e+01    0         1      4.62
    6      7.08e-01   1.00e+00   8.45e-07   8.44e-02    0         1      5.41
Finished, because...
Error smaller than 1 ( 8.4444E-02 ).

Accumulated times:
Assembly time:        2.86 s
Solve time:      2.52 s
Total time:      5.41 s

contact        voltage     electron current    hole current  conduction current
 Body         0.000E+00      -8.322E-19        -3.224E-33       -8.322E-19
 Drain        0.000E+00      -2.023E-17         5.746E-33       -2.023E-17
 Gate         1.139E+00       0.000E+00         0.000E+00        0.000E+00
 Source       0.000E+00       2.107E-17        -2.522E-33        2.107E-17

Computing step from t=0.468148 to t=0.518148 (Stepsize: 0.05) :
Extrapolating values for t = 0.518148 ... done.
Computing Coupled( 1 poisson-equation(s) , 1 electron-equation(s) , 
                   1 hole-equation(s) ) 
using Bank/Rose nonlinear solver.

Iteration   |Rhs|      factor     |step|     error   #inner  #iterative  time
------------------------------------------------------------------------------
    0      6.25e+00                                                      0.35
    1      4.34e+07   1.00e+00   2.36e-01   2.09e+04    0         1      1.24
    2      3.58e+06   1.00e+00   6.75e-02   6.93e+02    0         1      2.03
    3      1.31e+04   1.00e+00   2.66e-03   6.61e+01    0         1      2.87
    4      3.36e-01   1.00e+00   1.14e-05   7.50e-01    0         1      3.70
Finished, because...
Error smaller than 1 ( 7.4977E-01 ).

Accumulated times:
Assembly time:        2.00 s
Solve time:      1.69 s
Total time:      3.70 s

contact        voltage     electron current    hole current  conduction current
 Body         0.000E+00       5.463E-16        -3.849E-31        5.463E-16
 Drain        0.000E+00      -1.693E-16         1.956E-31       -1.693E-16
 Gate         1.314E+00       0.000E+00         0.000E+00        0.000E+00
 Source       0.000E+00      -3.770E-16         1.893E-31       -3.770E-16

Computing step from t=0.518148 to t=0.568148 (Stepsize: 0.05) :
Extrapolating values for t = 0.568148 ... done.
Computing Coupled( 1 poisson-equation(s) , 1 electron-equation(s) , 
                   1 hole-equation(s) ) 
using Bank/Rose nonlinear solver.

Iteration   |Rhs|      factor     |step|     error   #inner  #iterative  time
------------------------------------------------------------------------------
    0      3.60e+00                                                      0.35
    1      1.24e+07   1.00e+00   1.05e-01   6.87e+03    0         1      1.21
    2      1.10e+05   1.00e+00   1.32e-02   1.18e+02    0         1      2.00
    3      2.48e+01   1.00e+00   8.94e-05   1.80e+00    0         1      2.79
    4      3.88e-04   1.00e+00   8.83e-09   4.61e-04    0         1      3.65
Finished, because...
Error smaller than 1 ( 4.6069E-04 ).

Accumulated times:
Assembly time:        1.98 s
Solve time:      1.63 s
Total time:      3.65 s

contact        voltage     electron current    hole current  conduction current
 Body         0.000E+00      -1.094E-17        -1.939E-32       -1.094E-17
 Drain        0.000E+00       2.201E-18         1.098E-32        2.201E-18
 Gate         1.489E+00       0.000E+00         0.000E+00        0.000E+00
 Source       0.000E+00       8.744E-18         8.407E-33        8.744E-18

Computing step from t=0.568148 to t=0.618148 (Stepsize: 0.05) :
Extrapolating values for t = 0.618148 ... done.
Computing Coupled( 1 poisson-equation(s) , 1 electron-equation(s) , 
                   1 hole-equation(s) ) 
using Bank/Rose nonlinear solver.

Iteration   |Rhs|      factor     |step|     error   #inner  #iterative  time
------------------------------------------------------------------------------
    0      6.98e-01                                                      0.35
    1      6.48e+06   1.00e+00   5.43e-02   3.19e+03    0         1      1.18
    2      2.07e+04   1.00e+00   3.56e-03   3.84e+01    0         1      2.04
    3      8.59e-01   1.00e+00   6.99e-06   1.50e-01    0         1      2.82
Finished, because...
Error smaller than 1 ( 1.4984E-01 ).

Accumulated times:
Assembly time:        1.58 s
Solve time:      1.23 s
Total time:      2.82 s

contact        voltage     electron current    hole current  conduction current
 Body         0.000E+00       6.880E-16        -4.470E-31        6.880E-16
 Drain        0.000E+00      -3.730E-16         2.184E-31       -3.730E-16
 Gate         1.664E+00       0.000E+00         0.000E+00        0.000E+00
 Source       0.000E+00      -3.150E-16         2.286E-31       -3.150E-16

Computing step from t=0.618148 to t=0.668148 (Stepsize: 0.05) :
Extrapolating values for t = 0.668148 ... done.
Computing Coupled( 1 poisson-equation(s) , 1 electron-equation(s) , 
                   1 hole-equation(s) ) 
using Bank/Rose nonlinear solver.

Iteration   |Rhs|      factor     |step|     error   #inner  #iterative  time
------------------------------------------------------------------------------
    0      2.38e+00                                                      0.38
    1      4.10e+06   1.00e+00   3.23e-02   1.81e+03    0         1      1.28
    2      8.49e+03   1.00e+00   1.27e-03   1.67e+01    0         1      2.14
    3      3.37e-03   1.00e+00   1.10e-06   2.65e-02    0         1      2.90
Finished, because...
Error smaller than 1 ( 2.6542E-02 ).

Accumulated times:
Assembly time:        1.63 s
Solve time:      1.26 s
Total time:      2.90 s

contact        voltage     electron current    hole current  conduction current
 Body         0.000E+00       3.154E-17        -1.538E-32        3.154E-17
 Drain        0.000E+00      -6.683E-18         9.698E-33       -6.683E-18
 Gate         1.839E+00       0.000E+00         0.000E+00        0.000E+00
 Source       0.000E+00      -2.486E-17         5.681E-33       -2.486E-17

Computing step from t=0.668148 to t=0.718148 (Stepsize: 0.05) :
Extrapolating values for t = 0.718148 ... done.
Computing Coupled( 1 poisson-equation(s) , 1 electron-equation(s) , 
                   1 hole-equation(s) ) 
using Bank/Rose nonlinear solver.

Iteration   |Rhs|      factor     |step|     error   #inner  #iterative  time
------------------------------------------------------------------------------
    0      1.40e+00                                                      0.35
    1      2.87e+06   1.00e+00   2.12e-02   1.15e+03    0         1      1.13
    2      4.38e+03   1.00e+00   5.56e-04   8.49e+00    0         1      1.88
    3      7.35e-04   1.00e+00   2.63e-07   6.90e-03    0         1      2.63
Finished, because...
Error smaller than 1 ( 6.8970E-03 ).

Accumulated times:
Assembly time:        1.49 s
Solve time:      1.13 s
Total time:      2.63 s

contact        voltage     electron current    hole current  conduction current
 Body         0.000E+00       2.334E-17        -6.953E-33        2.334E-17
 Drain        0.000E+00      -1.800E-18         4.384E-33       -1.800E-18
 Gate         2.014E+00       0.000E+00         0.000E+00        0.000E+00
 Source       0.000E+00      -2.154E-17         2.570E-33       -2.154E-17

Computing step from t=0.718148 to t=0.768148 (Stepsize: 0.05) :
Extrapolating values for t = 0.768148 ... done.
Computing Coupled( 1 poisson-equation(s) , 1 electron-equation(s) , 
                   1 hole-equation(s) ) 
using Bank/Rose nonlinear solver.

Iteration   |Rhs|      factor     |step|     error   #inner  #iterative  time
------------------------------------------------------------------------------
    0      1.72e-02                                                      0.33
    1      2.11e+06   1.00e+00   1.49e-02   7.86e+02    0         1      1.13
    2      2.35e+03   1.00e+00   2.78e-04   4.74e+00    0         1      1.90
    3      5.96e-04   1.00e+00   8.15e-08   2.24e-03    0         1      2.65
Finished, because...
Error smaller than 1 ( 2.2434E-03 ).

Accumulated times:
Assembly time:        1.48 s
Solve time:      1.16 s
Total time:      2.65 s

contact        voltage     electron current    hole current  conduction current
 Body         0.000E+00       7.926E-18        -1.200E-33        7.926E-18
 Drain        0.000E+00      -6.146E-18         8.749E-33       -6.146E-18
 Gate         2.189E+00       0.000E+00         0.000E+00        0.000E+00
 Source       0.000E+00      -1.780E-18        -7.549E-33       -1.780E-18

Computing step from t=0.768148 to t=0.818148 (Stepsize: 0.05) :
Extrapolating values for t = 0.818148 ... done.
Computing Coupled( 1 poisson-equation(s) , 1 electron-equation(s) , 
                   1 hole-equation(s) ) 
using Bank/Rose nonlinear solver.

Iteration   |Rhs|      factor     |step|     error   #inner  #iterative  time
------------------------------------------------------------------------------
    0      1.56e-02                                                      0.32
    1      1.60e+06   1.00e+00   1.10e-02   5.68e+02    0         1      1.09
    2      1.31e+03   1.00e+00   1.54e-04   2.84e+00    0         1      1.85
    3      7.44e-04   1.00e+00   2.99e-08   8.49e-04    0         1      2.64
Finished, because...
Error smaller than 1 ( 8.4912E-04 ).

Accumulated times:
Assembly time:        1.48 s
Solve time:      1.15 s
Total time:      2.64 s

contact        voltage     electron current    hole current  conduction current
 Body         0.000E+00      -2.899E-18        -7.154E-33       -2.899E-18
 Drain        0.000E+00      -1.838E-18         5.386E-33       -1.838E-18
 Gate         2.364E+00       0.000E+00         0.000E+00        0.000E+00
 Source       0.000E+00       4.737E-18         1.768E-33        4.737E-18

Computing step from t=0.818148 to t=0.868148 (Stepsize: 0.05) :
Extrapolating values for t = 0.868148 ... done.
Computing Coupled( 1 poisson-equation(s) , 1 electron-equation(s) , 
                   1 hole-equation(s) ) 
using Bank/Rose nonlinear solver.

Iteration   |Rhs|      factor     |step|     error   #inner  #iterative  time
------------------------------------------------------------------------------
    0      1.44e-02                                                      0.38
    1      1.24e+06   1.00e+00   8.41e-03   4.28e+02    0         1      1.27
    2      7.63e+02   1.00e+00   9.19e-05   1.79e+00    0         1      2.14
    3      7.97e-04   1.00e+00   1.24e-08   3.59e-04    0         1      3.01
Finished, because...
Error smaller than 1 ( 3.5880E-04 ).

Accumulated times:
Assembly time:        1.66 s
Solve time:      1.33 s
Total time:      3.01 s

contact        voltage     electron current    hole current  conduction current
 Body         0.000E+00       9.953E-18        -3.840E-33        9.953E-18
 Drain        0.000E+00      -5.432E-18         4.884E-33       -5.432E-18
 Gate         2.539E+00       0.000E+00         0.000E+00        0.000E+00
 Source       0.000E+00      -4.522E-18        -1.045E-33       -4.522E-18

Computing step from t=0.868148 to t=0.918148 (Stepsize: 0.05) :
Extrapolating values for t = 0.918148 ... done.
Computing Coupled( 1 poisson-equation(s) , 1 electron-equation(s) , 
                   1 hole-equation(s) ) 
using Bank/Rose nonlinear solver.

Iteration   |Rhs|      factor     |step|     error   #inner  #iterative  time
------------------------------------------------------------------------------
    0      1.34e-02                                                      0.39
    1      9.64e+05   1.00e+00   6.63e-03   3.32e+02    0         1      1.27
    2      4.58e+02   1.00e+00   5.81e-05   1.18e+00    0         1      2.15
    3      8.64e-04   1.00e+00   5.67e-09   1.65e-04    0         1      3.02
Finished, because...
Error smaller than 1 ( 1.6492E-04 ).

Accumulated times:
Assembly time:        1.68 s
Solve time:      1.33 s
Total time:      3.02 s

contact        voltage     electron current    hole current  conduction current
 Body         0.000E+00      -1.193E-17         9.033E-34       -1.193E-17
 Drain        0.000E+00       2.355E-17         4.097E-33        2.355E-17
 Gate         2.714E+00       0.000E+00         0.000E+00        0.000E+00
 Source       0.000E+00      -1.161E-17        -5.000E-33       -1.161E-17

Computing step from t=0.918148 to t=0.968148 (Stepsize: 0.05) :
Extrapolating values for t = 0.968148 ... done.
Computing Coupled( 1 poisson-equation(s) , 1 electron-equation(s) , 
                   1 hole-equation(s) ) 
using Bank/Rose nonlinear solver.

Iteration   |Rhs|      factor     |step|     error   #inner  #iterative  time
------------------------------------------------------------------------------
    0      1.25e-02                                                      0.38
    1      7.56e+05   1.00e+00   5.35e-03   2.64e+02    0         1      1.26
    2      2.83e+02   1.00e+00   3.85e-05   8.08e-01    0         1      2.14
Finished, because...
Error smaller than 1 ( 8.0780E-01 ).

Accumulated times:
Assembly time:        1.24 s
Solve time:      0.90 s
Total time:      2.14 s

contact        voltage     electron current    hole current  conduction current
 Body         0.000E+00      -3.149E-13        -3.764E-30       -3.149E-13
 Drain        0.000E+00       1.870E-13         1.840E-30        1.870E-13
 Gate         2.889E+00       0.000E+00         0.000E+00        0.000E+00
 Source       0.000E+00       1.280E-13         1.925E-30        1.280E-13

Computing step from t=0.968148 to t=1 (Stepsize: 0.0318524) :
Extrapolating values for t = 1 ... done.
Computing Coupled( 1 poisson-equation(s) , 1 electron-equation(s) , 
                   1 hole-equation(s) ) 
using Bank/Rose nonlinear solver.

Iteration   |Rhs|      factor     |step|     error   #inner  #iterative  time
------------------------------------------------------------------------------
    0      4.93e+02                                                      0.39
    1      1.63e+05   1.00e+00   2.35e-03   1.14e+02    0         1      1.26
    2      1.19e+01   1.00e+00   7.51e-06   1.61e-01    0         1      2.13
Finished, because...
Error smaller than 1 ( 1.6110E-01 ).

Accumulated times:
Assembly time:        1.23 s
Solve time:      0.89 s
Total time:      2.13 s

contact        voltage     electron current    hole current  conduction current
 Body         0.000E+00       1.056E-14        -1.343E-31        1.056E-14
 Drain        0.000E+00      -4.991E-15         6.441E-32       -4.991E-15
 Gate         3.000E+00       0.000E+00         0.000E+00        0.000E+00
 Source       0.000E+00      -5.571E-15         6.991E-32       -5.571E-15


Finished, because...
Curve trace finished.

Writing plot 'MOSFET_Vds0p5V_des.tdr' (TDR format) ... done.

Fri Dec  8 12:50:50 2023: checked in 1 sdevice license(s)

******************************************************************************
Sentaurus Device peak memory usage: 272 megabytes
Sentaurus Device simulation times:
  wallclock: 113.92 s (0 h:01 m:53 s)
  total cpu: 113.34 s (0 h:01 m:53 s)
Sentaurus Device simulation finished (Date: Fri Dec  8 12:50:50 2023  (CST)).
********************************* Good Bye ! *********************************
