###########################################
# Sentaurus Visual R-2020.09.
# Tcl log file.
#------------------------------------------
# Date: Dec 09, 2023. 01:19:01.
# Version: 31.2.6534263 (2.6534263)
# Mode: Interactive (GUI).
# Mesa: enabled.
# Hostname: ntuEDL.
# Machine: Linux, x86_64, x86_64.
# Kernel: 2.6.32-754.2.1.el6.x86_64.
###########################################

load_file /home/B11901003/MOSFET/p1-2/MOSFET_Vds3V_des.plt
create_plot -1d
select_plots {Plot_1}
#-> Plot_1
#-> Plot_1
#-> MOSFET_Vds3V_des
create_curve -axisX {Gate OuterVoltage} -axisY {Drain TotalCurrent} -dataset {MOSFET_Vds3V_des} -plot Plot_1
#-> Curve_1
export_variables {"Gate OuterVoltage" "Drain TotalCurrent"} -dataset MOSFET_Vds3V_des -filename /home/B11901003/MOSFET/p1-2/data.csv
#-> /home/B11901003/MOSFET/p1-2/data.csv
exit 0
 
